<?xml version="1.0" encoding="UTF-8"?>
<!-- Generated by org.testng.reporters.JUnitXMLReporter -->
<testsuite hostname="5CG1265QHJ" ignored="0" name="Validating title in the page" tests="2" failures="1" timestamp="2022-03-20T19:21:31 IST" time="19.93" errors="0">
  <testcase name="validateAppTitle" time="0.089" classname="Academy.ValidateTitle">
    <failure type="java.lang.AssertionError" message="expected [FEATURED COURSES123] but found [FEATURED COURSES]">
      <![CDATA[java.lang.AssertionError: expected [FEATURED COURSES123] but found [FEATURED COURSES]
at Academy.ValidateTitle.validateAppTitle(ValidateTitle.java:39)
at java.util.ArrayList.forEach(ArrayList.java:1259)
... Removed 37 stack frames]]>
    </failure>
  </testcase> <!-- validateAppTitle -->
  <testcase name="validateheader" time="0.021" classname="Academy.ValidateTitle"/>
</testsuite> <!-- Validating title in the page -->
