<?xml version="1.0" encoding="UTF-8"?>
<testsuite xmlns:xsi="http://www.w3.org/2001/XMLSchema-instance" xsi:noNamespaceSchemaLocation="https://maven.apache.org/surefire/maven-surefire-plugin/xsd/surefire-test-report-3.0.xsd" version="3.0" name="TestSuite" time="43.302" tests="4" errors="0" skipped="0" failures="1">
  <properties>
[...]
</properties>
  <testcase name="shouldAnswerWithTrue" classname="Academy.AppTest" time="0.012">
    <system-out><![CDATA[chrome
chrome
chrome
]]></system-out>
    <system-err><![CDATA[log4j:WARN No appenders could be found for logger (org.testng.TestNG).
log4j:WARN Please initialize the log4j system properly.
log4j:WARN See http://logging.apache.org/log4j/1.2/faq.html#noconfig for more info.
]]></system-err>
  </testcase>
  <testcase name="basePageNavigation[nonrestricteduser@qw.com, 123456, Non-Restricted User](1)" classname="Academy.HomePage" time="0.134">
    <system-err><![CDATA[Starting ChromeDriver 98.0.4758.80 (7f0488e8ba0d8e019187c6325a16c29d9b7f4989-refs/branch-hSeatdasr/ti4n75g 8C@{h#r9o72m}e)D roinv epro r98t. 06.24976528.
8O0n l(y7 fl0o4c8a8le 8cboan0nde8cet0i1on9s1 8a7rce6 3a2l5loaw1e6dc2.9
dP9leba7sfe4 9s8e9e h-trtepfss:///bcrhraonmcehd-rhievaerds./ch4r7o58mi@{u#m9.o72r}g) /osn peorct 646u41
Onrlyi tlyo-ccaoln sciodnenercattiionosn sare allowed.
 Pfloera sseu gsegee shtitotpnss :o/n/c hkeroeSpmteianrdgt riinCvgh erCroh.rmceohDmroremiDiurvmie.rvo ersgra/ sf9ec8eu..0r
i.t4y7-5c8on.s8i0d e(r7aft0i4o8n8se 8fboar0 ds8ueg0g1e9s1t8i7ocn6s3 2o5na 1k6ece2p9idn9gb7 fC4hr9o8m9e-Drreifvse/rbr asnacfhe-.he
ads/4758@{#972}) on port 58478
Only local connections are allowed.
Please see https://chromedriver.chromium.org/security-considerations for suggestions on keeping ChromeDriver safe.
ChromeDChrroimevDerri vwears  wsatsa rstteadr tseudc cseuscscfeuslslfyu.ll
y.
ChromeDriver was started successfully.
[1647609367.546][WARNING]: This version of ChromeDriver has not been tested with Chrome version 99.
[1647609367.548][WARNING]: This version of ChromeDriver has not been tested with Chrome version 99.
[1647609367.641][WARNING]: This version of ChromeDriver has not been tested with Chrome version 99.
Mar 18, 2022 6:46:08 PM org.openqa.selenium.remote.ProtocolHandshake createSession
INFO: Detected dialect: W3C
Mar 18, 2022 6:46:08 PM org.openqa.selenium.remote.ProtocolHandshake createSession
INFO: Detected dialect: W3C
Mar 18, 2022 6:46:08 PM org.openqa.selenium.remote.ProtocolHandshake createSession
INFO: Detected dialect: W3C
Mar 18, 2022 6:46:08 PM org.openqa.selenium.devtools.CdpVersionFinder findNearestMatch
WARNING: Unable to find an exact match for CDP version 99, so returning the closest version found: 97
Mar 18, 2022 6:46:08 PM org.openqa.selenium.devtools.CdpVersionFinder findNearestMatch
WARNING: Unable to find an exact match for CDP version 99, so returning the closest version found: 97
Mar 18, 2022 6:46:08 PM org.openqa.selenium.devtools.CdpVersionFinder findNearestMatch
WARNING: Unable to find an exact match for CDP version 99, so returning the closest version found: 97
Mar 18, 2022 6:46:08 PM org.openqa.selenium.devtools.CdpVersionFinder findNearestMatch
INFO: Found CDP implementation for version 99 of 97
Mar 18, 2022 6:46:08 PM org.openqa.selenium.devtools.CdpVersionFinder findNearestMatch
INFO: Found CDP implementation for version 99 of 97
Mar 18, 2022 6:46:08 PM org.openqa.selenium.devtools.CdpVersionFinder findNearestMatch
INFO: Found CDP implementation for version 99 of 97
]]></system-err>
  </testcase>
  <testcase name="basePageNavigation" classname="Academy.ValidateNavigationBar" time="0.249"/>
  <testcase name="validateAppTitle" classname="Academy.ValidateTitle" time="10.282">
    <failure message="no such element: Unable to locate element: {&quot;method&quot;:&quot;xpath&quot;,&quot;selector&quot;:&quot;//div[@class=&apos;listbuilder-popup-scale&apos;]//button[contains(text(), &apos;NO THANKS&apos;)]&quot;}&#10;  (Session info: chrome=99.0.4844.74)&#10;For documentation on this error, please visit: https://selenium.dev/exceptions/#no_such_element&#10;Build info: version: &apos;4.1.2&apos;, revision: &apos;9a5a329c5a&apos;&#10;System info: host: &apos;5CG1265QHJ&apos;, ip: &apos;192.168.1.4&apos;, os.name: &apos;Windows 10&apos;, os.arch: &apos;amd64&apos;, os.version: &apos;10.0&apos;, java.version: &apos;1.8.0_321&apos;&#10;Driver info: org.openqa.selenium.chrome.ChromeDriver&#10;Command: [f939665f78b3977e6eb41b91131cb2e7, findElement {using=xpath, value=//div[@class=&apos;listbuilder-popup-scale&apos;]//button[contains(text(), &apos;NO THANKS&apos;)]}]&#10;Capabilities {acceptInsecureCerts: false, browserName: chrome, browserVersion: 99.0.4844.74, chrome: {chromedriverVersion: 98.0.4758.80 (7f0488e8ba0d8..., userDataDir: C:\Users\HP\AppData\Local\T...}, goog:chromeOptions: {debuggerAddress: localhost:65432}, javascriptEnabled: true, networkConnectionEnabled: false, pageLoadStrategy: normal, platform: WINDOWS, platformName: WINDOWS, proxy: Proxy(), se:cdp: ws://localhost:65432/devtoo..., se:cdpVersion: 99.0.4844.74, setWindowRect: true, strictFileInteractability: false, timeouts: {implicit: 0, pageLoad: 300000, script: 30000}, unhandledPromptBehavior: dismiss and notify, webauthn:extension:credBlob: true, webauthn:extension:largeBlob: true, webauthn:virtualAuthenticators: true}&#10;Session ID: f939665f78b3977e6eb41b91131cb2e7" type="org.openqa.selenium.NoSuchElementException"><![CDATA[org.openqa.selenium.NoSuchElementException: 
no such element: Unable to locate element: {"method":"xpath","selector":"//div[@class='listbuilder-popup-scale']//button[contains(text(), 'NO THANKS')]"}
  (Session info: chrome=99.0.4844.74)
For documentation on this error, please visit: https://selenium.dev/exceptions/#no_such_element
Build info: version: '4.1.2', revision: '9a5a329c5a'
System info: host: '5CG1265QHJ', ip: '192.168.1.4', os.name: 'Windows 10', os.arch: 'amd64', os.version: '10.0', java.version: '1.8.0_321'
Driver info: org.openqa.selenium.chrome.ChromeDriver
Command: [f939665f78b3977e6eb41b91131cb2e7, findElement {using=xpath, value=//div[@class='listbuilder-popup-scale']//button[contains(text(), 'NO THANKS')]}]
Capabilities {acceptInsecureCerts: false, browserName: chrome, browserVersion: 99.0.4844.74, chrome: {chromedriverVersion: 98.0.4758.80 (7f0488e8ba0d8..., userDataDir: C:\Users\HP\AppData\Local\T...}, goog:chromeOptions: {debuggerAddress: localhost:65432}, javascriptEnabled: true, networkConnectionEnabled: false, pageLoadStrategy: normal, platform: WINDOWS, platformName: WINDOWS, proxy: Proxy(), se:cdp: ws://localhost:65432/devtoo..., se:cdpVersion: 99.0.4844.74, setWindowRect: true, strictFileInteractability: false, timeouts: {implicit: 0, pageLoad: 300000, script: 30000}, unhandledPromptBehavior: dismiss and notify, webauthn:extension:credBlob: true, webauthn:extension:largeBlob: true, webauthn:virtualAuthenticators: true}
Session ID: f939665f78b3977e6eb41b91131cb2e7
	at Academy.ValidateTitle.validateAppTitle(ValidateTitle.java:35)
]]></failure>
  </testcase>
</testsuite>