<?xml version="1.0" encoding="UTF-8"?>
<testsuite xmlns:xsi="http://www.w3.org/2001/XMLSchema-instance" xsi:noNamespaceSchemaLocation="https://maven.apache.org/surefire/maven-surefire-plugin/xsd/surefire-test-report-3.0.xsd" version="3.0" name="TestSuite" time="90.761" tests="4" errors="0" skipped="0" failures="1">
  <properties>
[...]
</properties>
  <testcase name="shouldAnswerWithTrue" classname="Academy.AppTest" time="0.032">
    <system-err><![CDATA[log4j:WARN No appenders could be found for logger (org.testng.TestNG).
log4j:WARN Please initialize the log4j system properly.
log4j:WARN See http://logging.apache.org/log4j/1.2/faq.html#noconfig for more info.
]]></system-err>
  </testcase>
  <testcase name="basePageNavigation" classname="Academy.ValidateNavigationBar" time="0.39">
    <system-out><![CDATA[edge
]]></system-out>
    <system-err><![CDATA[Starting MSEdgeDriver 98.0.1108.56 (9a336a18eae89157b3c7ea0568a9cbced8ebc3f7) on port 49864
Only local connections are allowed.
Please see https://chromedriver.chromium.org/security-considerations for suggestions on keeping MSEdgeDriver safe.
MSEdgeDriver was started successfully.
[1647687760.701][WARNING]: This version of MSEdgeDriver has not been tested with MSEdge version 99.
Mar 19, 2022 4:32:41 PM org.openqa.selenium.remote.ProtocolHandshake createSession
INFO: Detected dialect: W3C
Mar 19, 2022 4:32:41 PM org.openqa.selenium.devtools.CdpVersionFinder findNearestMatch
WARNING: Unable to find an exact match for CDP version 99, so returning the closest version found: 97
Mar 19, 2022 4:32:41 PM org.openqa.selenium.devtools.CdpVersionFinder findNearestMatch
INFO: Found CDP implementation for version 99 of 97
]]></system-err>
  </testcase>
  <testcase name="validateAppTitle" classname="Academy.ValidateTitle" time="4.081">
    <failure message="expected [FEATURED COURSES123] but found [FEATURED COURSES]" type="java.lang.AssertionError"><![CDATA[java.lang.AssertionError: expected [FEATURED COURSES123] but found [FEATURED COURSES]
	at Academy.ValidateTitle.validateAppTitle(ValidateTitle.java:36)
]]></failure>
    <system-out><![CDATA[edge
]]></system-out>
    <system-err><![CDATA[Starting MSEdgeDriver 98.0.1108.56 (9a336a18eae89157b3c7ea0568a9cbced8ebc3f7) on port 50399
Only local connections are allowed.
Please see https://chromedriver.chromium.org/security-considerations for suggestions on keeping MSEdgeDriver safe.
MSEdgeDriver was started successfully.
[1647687792.094][WARNING]: This version of MSEdgeDriver has not been tested with MSEdge version 99.
Mar 19, 2022 4:33:12 PM org.openqa.selenium.remote.ProtocolHandshake createSession
INFO: Detected dialect: W3C
Mar 19, 2022 4:33:12 PM org.openqa.selenium.devtools.CdpVersionFinder findNearestMatch
WARNING: Unable to find an exact match for CDP version 99, so returning the closest version found: 97
Mar 19, 2022 4:33:12 PM org.openqa.selenium.devtools.CdpVersionFinder findNearestMatch
INFO: Found CDP implementation for version 99 of 97
]]></system-err>
  </testcase>
  <testcase name="basePageNavigation[nonrestricteduser@qw.com, 123456, Non-Restricted User](1)" classname="Academy.HomePage" time="25.627">
    <system-out><![CDATA[edge
]]></system-out>
    <system-err><![CDATA[Starting MSEdgeDriver 98.0.1108.56 (9a336a18eae89157b3c7ea0568a9cbced8ebc3f7) on port 64818
Only local connections are allowed.
Please see https://chromedriver.chromium.org/security-considerations for suggestions on keeping MSEdgeDriver safe.
MSEdgeDriver was started successfully.
[1647687814.798][WARNING]: This version of MSEdgeDriver has not been tested with MSEdge version 99.
Mar 19, 2022 4:33:35 PM org.openqa.selenium.remote.ProtocolHandshake createSession
INFO: Detected dialect: W3C
Mar 19, 2022 4:33:35 PM org.openqa.selenium.devtools.CdpVersionFinder findNearestMatch
WARNING: Unable to find an exact match for CDP version 99, so returning the closest version found: 97
Mar 19, 2022 4:33:35 PM org.openqa.selenium.devtools.CdpVersionFinder findNearestMatch
INFO: Found CDP implementation for version 99 of 97
]]></system-err>
  </testcase>
</testsuite>