<?xml version="1.0" encoding="UTF-8"?>
<testng-results ignored="0" total="1" passed="1" failed="0" skipped="0">
  <reporter-output>
  </reporter-output>
  <suite started-at="2022-03-18T18:20:05 IST" name="Default suite" finished-at="2022-03-18T18:20:11 IST" duration-ms="5734">
    <groups>
    </groups>
    <test started-at="2022-03-18T18:20:05 IST" name="Default test" finished-at="2022-03-18T18:20:11 IST" duration-ms="5734">
      <class name="resources.ExtentReporterNG">
        <test-method is-config="true" signature="getReportObject()[pri:0, instance:resources.ExtentReporterNG@6404f418]" started-at="2022-03-18T18:20:05 IST" name="getReportObject" finished-at="2022-03-18T18:20:06 IST" duration-ms="276" status="PASS">
          <reporter-output>
          </reporter-output>
        </test-method> <!-- getReportObject -->
        <test-method signature="initialDemo()[pri:0, instance:resources.ExtentReporterNG@6404f418]" started-at="2022-03-18T18:20:06 IST" name="initialDemo" finished-at="2022-03-18T18:20:11 IST" duration-ms="5432" status="PASS">
          <reporter-output>
          </reporter-output>
        </test-method> <!-- initialDemo -->
      </class> <!-- resources.ExtentReporterNG -->
    </test> <!-- Default test -->
  </suite> <!-- Default suite -->
</testng-results>
